CollectionWidgetDemo/app/build/intermediates/manifest_merge_blame_file/debug/manifest-merger-blame-debug-report.txt
1<?xml version="1.0" encoding="utf-8"?>
2<manifest xmlns:android="http://schemas.android.com/apk/res/android"
3    package="com.fullsail.android.collectionwidgetdemo"
4    android:versionCode="1"
5    android:versionName="1.0" >
6
7    <uses-sdk
8        android:minSdkVersion="21"
8-->src/main/AndroidManifest.xml
9        android:targetSdkVersion="31" />
9-->src/main/AndroidManifest.xml
10
11    <uses-permission android:name="android.permission.FOREGROUND_SERVICE" />
11-->src/main/AndroidManifest.xml:5:5-77
11-->src/main/AndroidManifest.xml:5:22-74
12
13    <application
13-->src/main/AndroidManifest.xml:7:5-45:19
14        android:allowBackup="true"
14-->src/main/AndroidManifest.xml:8:9-35
15        android:appComponentFactory="androidx.core.app.CoreComponentFactory"
15-->[androidx.core:core:1.0.1] AndroidManifest.xml:22:18-86
16        android:debuggable="true"
17        android:icon="@mipmap/ic_launcher"
17-->src/main/AndroidManifest.xml:9:9-43
18        android:label="@string/app_name"
18-->src/main/AndroidManifest.xml:10:9-41
19        android:roundIcon="@mipmap/ic_launcher_round"
19-->src/main/AndroidManifest.xml:11:9-54
20        android:supportsRtl="true"
20-->src/main/AndroidManifest.xml:12:9-35
21        android:testOnly="true"
22        android:theme="@style/AppTheme" >
22-->src/main/AndroidManifest.xml:13:9-40
23        <activity
23-->src/main/AndroidManifest.xml:16:9-23:20
24            android:name="com.fullsail.android.collectionwidgetdemo.MainActivity"
24-->src/main/AndroidManifest.xml:16:19-47
25            android:exported="true" >
25-->src/main/AndroidManifest.xml:17:13-36
26            <intent-filter>
26-->src/main/AndroidManifest.xml:18:13-22:29
27                <action android:name="android.intent.action.MAIN" />
27-->src/main/AndroidManifest.xml:19:17-69
27-->src/main/AndroidManifest.xml:19:25-66
28
29                <category android:name="android.intent.category.LAUNCHER" />
29-->src/main/AndroidManifest.xml:21:17-77
29-->src/main/AndroidManifest.xml:21:27-74
30            </intent-filter>
31        </activity>
32        <activity
32-->src/main/AndroidManifest.xml:25:9-26:50
33            android:name="com.fullsail.android.collectionwidgetdemo.FormActivity"
33-->src/main/AndroidManifest.xml:25:19-47
34            android:label="@string/enter_data" />
34-->src/main/AndroidManifest.xml:26:13-47
35        <activity
35-->src/main/AndroidManifest.xml:28:9-29:52
36            android:name="com.fullsail.android.collectionwidgetdemo.DetailsActivity"
36-->src/main/AndroidManifest.xml:28:19-50
37            android:label="@string/data_details" />
37-->src/main/AndroidManifest.xml:29:13-49
38
39        <service
39-->src/main/AndroidManifest.xml:31:9-33:72
40            android:name="com.fullsail.android.collectionwidgetdemo.widget.CollectionWidgetService"
40-->src/main/AndroidManifest.xml:31:18-64
41            android:exported="true"
41-->src/main/AndroidManifest.xml:32:13-36
42            android:permission="android.permission.BIND_REMOTEVIEWS" />
42-->src/main/AndroidManifest.xml:33:13-69
43
44        <receiver
44-->src/main/AndroidManifest.xml:35:9-43:20
45            android:name="com.fullsail.android.collectionwidgetdemo.widget.CollectionWidgetProvider"
45-->src/main/AndroidManifest.xml:35:19-66
46            android:exported="true" >
46-->src/main/AndroidManifest.xml:36:13-36
47            <intent-filter>
47-->src/main/AndroidManifest.xml:37:13-39:29
48                <action android:name="android.appwidget.action.APPWIDGET_UPDATE" />
48-->src/main/AndroidManifest.xml:38:17-84
48-->src/main/AndroidManifest.xml:38:25-81
49            </intent-filter>
50
51            <meta-data
51-->src/main/AndroidManifest.xml:41:13-42:66
52                android:name="android.appwidget.provider"
52-->src/main/AndroidManifest.xml:41:24-65
53                android:resource="@xml/collection_widget_info" />
53-->src/main/AndroidManifest.xml:42:17-63
54        </receiver>
55    </application>
56
57</manifest>